<?xml version="1.0" encoding="UTF-8"?>
<testng-results ignored="0" total="1" passed="1" failed="0" skipped="0">
  <reporter-output>
  </reporter-output>
  <suite started-at="2024-02-15T10:37:47 IST" name="Suite" finished-at="2024-02-15T10:37:51 IST" duration-ms="4445">
    <groups>
    </groups>
    <test started-at="2024-02-15T10:37:47 IST" name="Test" finished-at="2024-02-15T10:37:51 IST" duration-ms="4445">
      <class name="testCases.DemoTest">
        <test-method signature="test1()[pri:0, instance:testCases.DemoTest@482bce4f]" started-at="2024-02-15T10:37:47 IST" name="test1" finished-at="2024-02-15T10:37:51 IST" duration-ms="4409" status="PASS">
          <reporter-output>
          </reporter-output>
        </test-method> <!-- test1 -->
      </class> <!-- testCases.DemoTest -->
    </test> <!-- Test -->
  </suite> <!-- Suite -->
</testng-results>
