<?xml version="1.0" encoding="UTF-8"?>
<testsuite xmlns:xsi="http://www.w3.org/2001/XMLSchema-instance" xsi:noNamespaceSchemaLocation="https://maven.apache.org/surefire/maven-surefire-plugin/xsd/surefire-test-report-3.0.xsd" version="3.0" name="TestSuite" time="12.791" tests="1" errors="0" skipped="0" failures="0">
  <properties>
[...]
</properties>
  <testcase name="login[akashv5482@gmail.com, akashchakia](1)" classname="testCases.loginTest" time="5.735">
    <system-out><![CDATA[Setup Successful
Successfully nevigated to url
Test passed
]]></system-out>
  </testcase>
</testsuite>