<?xml version="1.0" encoding="UTF-8"?>
<testng-results ignored="0" total="1" passed="1" failed="0" skipped="0">
  <reporter-output>
  </reporter-output>
  <suite started-at="2024-02-12T14:46:53 IST" name="Default suite" finished-at="2024-02-12T14:47:02 IST" duration-ms="8753">
    <groups>
    </groups>
    <test started-at="2024-02-12T14:46:53 IST" name="Default test" finished-at="2024-02-12T14:47:02 IST" duration-ms="8753">
      <class name="testCases.loginTest">
        <test-method is-config="true" signature="setup()[pri:0, instance:testCases.loginTest@2ed2d9cb]" started-at="2024-02-12T14:46:50 IST" name="setup" finished-at="2024-02-12T14:46:53 IST" duration-ms="2803" status="PASS">
          <reporter-output>
          </reporter-output>
        </test-method> <!-- setup -->
        <test-method is-config="true" signature="navigateToURL()[pri:0, instance:testCases.loginTest@2ed2d9cb]" started-at="2024-02-12T14:46:53 IST" name="navigateToURL" finished-at="2024-02-12T14:46:56 IST" duration-ms="3282" status="PASS">
          <reporter-output>
          </reporter-output>
        </test-method> <!-- navigateToURL -->
        <test-method signature="login(java.lang.String,java.lang.String)[pri:1, instance:testCases.loginTest@2ed2d9cb]" started-at="2024-02-12T14:46:56 IST" name="login" data-provider="usertestdata" finished-at="2024-02-12T14:47:02 IST" duration-ms="5412" status="PASS">
          <params>
            <param index="0">
              <value>
                <![CDATA[akashv5482@gmail.com]]>
              </value>
            </param>
            <param index="1">
              <value>
                <![CDATA[akashchakia]]>
              </value>
            </param>
          </params>
          <reporter-output>
          </reporter-output>
        </test-method> <!-- login -->
        <test-method is-config="true" signature="finish()[pri:0, instance:testCases.loginTest@2ed2d9cb]" started-at="2024-02-12T14:47:02 IST" name="finish" finished-at="2024-02-12T14:47:04 IST" duration-ms="1670" status="PASS">
          <reporter-output>
          </reporter-output>
        </test-method> <!-- finish -->
      </class> <!-- testCases.loginTest -->
    </test> <!-- Default test -->
  </suite> <!-- Default suite -->
</testng-results>
